<?xml version="1.0" encoding="UTF-8"?>
<!-- Generated by org.testng.reporters.JUnitReportReporter -->
<testsuite skipped="1" hostname="AMX-RL-19-255-W" name="com.org.qa.testRunner.CreateLeadTR" tests="1" failures="0" timestamp="13 Aug 2020 02:08:24 GMT" time="0.207" errors="0">
  <testcase name="runScenario" time="0.207" classname="com.org.qa.testRunner.CreateLeadTR">
    <skipped/>
  </testcase> <!-- runScenario -->
</testsuite> <!-- com.org.qa.testRunner.CreateLeadTR -->
