<?xml version="1.0" encoding="UTF-8"?>
<!-- Generated by org.testng.reporters.JUnitReportReporter -->
<testsuite skipped="0" hostname="AMX-RL-19-255-W" name="TestRunner.LoginHooks" tests="2" failures="0" timestamp="18 Nov 2020 02:10:59 GMT" time="59.315" errors="0">
  <testcase name="runScenario" time="19.661" classname="TestRunner.LoginHooks"/>
  <testcase name="runScenario" time="39.654" classname="TestRunner.LoginHooks"/>
</testsuite> <!-- TestRunner.LoginHooks -->
