<?xml version="1.0" encoding="UTF-8"?>
<!-- Generated by org.testng.reporters.JUnitReportReporter -->
<testsuite skipped="0" hostname="AMX-RL-19-255-W" name="TestRunner.TestRunnerLogin" tests="1" failures="0" timestamp="11 Aug 2020 04:28:39 GMT" time="8.675" errors="0">
  <testcase name="runScenario" time="8.675" classname="TestRunner.TestRunnerLogin"/>
</testsuite> <!-- TestRunner.TestRunnerLogin -->
