<?xml version="1.0" encoding="UTF-8"?>
<!-- Generated by org.testng.reporters.JUnitReportReporter -->
<testsuite skipped="0" hostname="AMX-RL-19-255-W" name="TestRunner.LoginHooks" tests="1" failures="0" timestamp="12 Aug 2020 02:07:38 GMT" time="39.958" errors="0">
  <testcase name="runScenario" time="39.958" classname="TestRunner.LoginHooks"/>
</testsuite> <!-- TestRunner.LoginHooks -->
