<?xml version="1.0" encoding="UTF-8"?>
<!-- Generated by org.testng.reporters.JUnitReportReporter -->
<testsuite skipped="1" hostname="AMX-RL-19-255-W" name="TestRunner.TestRunner" tests="1" failures="0" timestamp="09 Aug 2020 10:55:11 GMT" time="8.725" errors="0">
  <testcase name="runScenario" time="8.725" classname="TestRunner.TestRunner">
    <skipped/>
  </testcase> <!-- runScenario -->
</testsuite> <!-- TestRunner.TestRunner -->
