<?xml version="1.0" encoding="UTF-8"?>
<!-- Generated by org.testng.reporters.JUnitReportReporter -->
<testsuite skipped="0" hostname="AMX-RL-19-255-W" name="TestRunner.TestRunnerLogin" tests="1" failures="0" timestamp="09 Aug 2020 15:46:35 GMT" time="11.533" errors="0">
  <testcase name="runScenario" time="11.533" classname="TestRunner.TestRunnerLogin"/>
</testsuite> <!-- TestRunner.TestRunnerLogin -->
