<?xml version="1.0" encoding="UTF-8"?>
<!-- Generated by org.testng.reporters.JUnitReportReporter -->
<testsuite skipped="0" hostname="AMX-RL-19-255-W" name="TestRunner.TestRunnerLogin" tests="1" failures="0" timestamp="17 Nov 2020 14:22:11 GMT" time="27.812" errors="0">
  <testcase name="runScenario" time="27.812" classname="TestRunner.TestRunnerLogin"/>
</testsuite> <!-- TestRunner.TestRunnerLogin -->
