<?xml version="1.0" encoding="UTF-8"?>
<!-- Generated by org.testng.reporters.JUnitReportReporter -->
<testsuite skipped="0" hostname="AMX-RL-19-255-W" name="TestRunner.TRCreateLead" tests="1" failures="0" timestamp="11 Aug 2020 04:28:39 GMT" time="23.493" errors="0">
  <testcase name="runScenario" time="23.493" classname="TestRunner.TRCreateLead"/>
</testsuite> <!-- TestRunner.TRCreateLead -->
