<?xml version="1.0" encoding="UTF-8"?>
<!-- Generated by org.testng.reporters.JUnitReportReporter -->
<testsuite skipped="0" hostname="AMX-RL-19-255-W" name="TestRunner.TRCreateLead" tests="1" failures="0" timestamp="12 Aug 2020 02:13:40 GMT" time="48.902" errors="0">
  <testcase name="runScenario" time="48.902" classname="TestRunner.TRCreateLead"/>
</testsuite> <!-- TestRunner.TRCreateLead -->
